Performing C SOURCE FILE Test CMAKE_HAVE_LIBC_PTHREAD failed with the following output:
Change Dir: /home/ea/catkin2_ws/build/CMakeFiles/CMakeTmp

Run Build Command(s):/usr/bin/make cmTC_26cec/fast && /usr/bin/make  -f CMakeFiles/cmTC_26cec.dir/build.make CMakeFiles/cmTC_26cec.dir/build
make[1]: Entering directory '/home/ea/catkin2_ws/build/CMakeFiles/CMakeTmp'
Building C object CMakeFiles/cmTC_26cec.dir/src.c.o
/usr/lib/hardening-wrapper/bin/cc   -DCMAKE_HAVE_LIBC_PTHREAD   -o CMakeFiles/cmTC_26cec.dir/src.c.o   -c /home/ea/catkin2_ws/build/CMakeFiles/CMakeTmp/src.c
Linking C executable cmTC_26cec
/usr/bin/cmake -E cmake_link_script CMakeFiles/cmTC_26cec.dir/link.txt --verbose=1
/usr/lib/hardening-wrapper/bin/cc  -DCMAKE_HAVE_LIBC_PTHREAD    -rdynamic CMakeFiles/cmTC_26cec.dir/src.c.o  -o cmTC_26cec 
/usr/bin/ld: CMakeFiles/cmTC_26cec.dir/src.c.o: in function `main':
src.c:(.text+0x4f): undefined reference to `pthread_create'
/usr/bin/ld: src.c:(.text+0x5b): undefined reference to `pthread_detach'
/usr/bin/ld: src.c:(.text+0x67): undefined reference to `pthread_cancel'
/usr/bin/ld: src.c:(.text+0x78): undefined reference to `pthread_join'
collect2: error: ld returned 1 exit status
make[1]: *** [CMakeFiles/cmTC_26cec.dir/build.make:107: cmTC_26cec] Error 1
make[1]: Leaving directory '/home/ea/catkin2_ws/build/CMakeFiles/CMakeTmp'
make: *** [Makefile:141: cmTC_26cec/fast] Error 2


Source file was:
#include <pthread.h>

void* test_func(void* data)
{
  return data;
}

int main(void)
{
  pthread_t thread;
  pthread_create(&thread, NULL, test_func, NULL);
  pthread_detach(thread);
  pthread_cancel(thread);
  pthread_join(thread, NULL);
  pthread_atfork(NULL, NULL, NULL);
  pthread_exit(NULL);

  return 0;
}

Determining if the function pthread_create exists in the pthreads failed with the following output:
Change Dir: /home/ea/catkin2_ws/build/CMakeFiles/CMakeTmp

Run Build Command(s):/usr/bin/make cmTC_b5144/fast && /usr/bin/make  -f CMakeFiles/cmTC_b5144.dir/build.make CMakeFiles/cmTC_b5144.dir/build
make[1]: Entering directory '/home/ea/catkin2_ws/build/CMakeFiles/CMakeTmp'
Building C object CMakeFiles/cmTC_b5144.dir/CheckFunctionExists.c.o
/usr/lib/hardening-wrapper/bin/cc   -DCHECK_FUNCTION_EXISTS=pthread_create   -o CMakeFiles/cmTC_b5144.dir/CheckFunctionExists.c.o   -c /usr/share/cmake-3.17/Modules/CheckFunctionExists.c
Linking C executable cmTC_b5144
/usr/bin/cmake -E cmake_link_script CMakeFiles/cmTC_b5144.dir/link.txt --verbose=1
/usr/lib/hardening-wrapper/bin/cc  -DCHECK_FUNCTION_EXISTS=pthread_create    -rdynamic CMakeFiles/cmTC_b5144.dir/CheckFunctionExists.c.o  -o cmTC_b5144  -lpthreads 
/usr/bin/ld: cannot find -lpthreads
collect2: error: ld returned 1 exit status
make[1]: *** [CMakeFiles/cmTC_b5144.dir/build.make:107: cmTC_b5144] Error 1
make[1]: Leaving directory '/home/ea/catkin2_ws/build/CMakeFiles/CMakeTmp'
make: *** [Makefile:141: cmTC_b5144/fast] Error 2



